[ Towered 12.03.2013 20:40:22 ]<INFO>: Game launched!
[ Towered 12.03.2013 20:40:22 ]<INFO>: Game closed!
[ Towered 12.03.2013 21:27:18 ]<INFO>: Game launched!
[ Towered 12.03.2013 21:27:18 ]<INFO>: Game closed!
[ Towered 12.03.2013 21:30:56 ]<INFO>: Game launched!
[ Towered 12.03.2013 21:32:22 ]<INFO>: Game launched!
[ Towered 12.03.2013 21:32:22 ]<INFO>: Game closed!
[ Towered 12.03.2013 21:34:17 ]<INFO>: Game launched!
[ Towered 12.03.2013 21:34:17 ]<ERROR>: BufferedStrategy contents has been lost.
[Ljava.lang.StackTraceElement;@17f99aa6
[ Towered 12.03.2013 21:34:17 ]<INFO>: Game closed!
[ Towered 12.03.2013 21:36:28 ]<INFO>: Game launched!
[ Towered 12.03.2013 21:36:28 ]<INFO>: Game closed!
[ Towered 12.03.2013 21:38:28 ]<INFO>: Game launched!
[ Towered 12.03.2013 21:38:28 ]<INFO>: Game closed!
[ Towered 12.03.2013 21:42:39 ]<INFO>: left:1
[ Towered 12.03.2013 21:42:39 ]<INFO>: right:2
[ Towered 12.03.2013 21:42:39 ]<INFO>: jump:3
[ Towered 12.03.2013 21:42:39 ]<INFO>: Game launched!
[ Towered 12.03.2013 21:42:39 ]<INFO>: Game closed!
[ Towered 12.03.2013 21:43:44 ]<INFO>: left:1
[ Towered 12.03.2013 21:43:44 ]<INFO>: right:2
[ Towered 12.03.2013 21:43:44 ]<INFO>: jump:3
[ Towered 12.03.2013 21:43:44 ]<INFO>: Game launched!
[ Towered 12.03.2013 21:43:44 ]<INFO>: left:1
[ Towered 12.03.2013 21:43:44 ]<INFO>: right:2
[ Towered 12.03.2013 21:43:44 ]<INFO>: jump:3
[ Towered 12.03.2013 21:43:44 ]<ERROR>: BufferedStrategy contents has been lost.
[Ljava.lang.StackTraceElement;@476374f1
[ Towered 12.03.2013 21:43:44 ]<INFO>: Game closed!
[ Towered 12.03.2013 21:47:59 ]<INFO>: left:1
[ Towered 12.03.2013 21:47:59 ]<INFO>: right:2
[ Towered 12.03.2013 21:47:59 ]<INFO>: jump:3
[ Towered 12.03.2013 21:47:59 ]<INFO>: Game launched!
[ Towered 12.03.2013 21:47:59 ]<INFO>: left:3317766
[ Towered 12.03.2013 21:47:59 ]<INFO>: right:108511774
[ Towered 12.03.2013 21:47:59 ]<INFO>: jump:3273773
[ Towered 12.03.2013 21:52:30 ]<INFO>: Game launched!
[ Towered 12.03.2013 21:52:30 ]<INFO>: left:3317766
[ Towered 12.03.2013 21:52:30 ]<INFO>: right:108511774
[ Towered 12.03.2013 21:52:30 ]<INFO>: jump:3273773
[ Towered 12.03.2013 21:53:05 ]<INFO>: Game launched!
[ Towered 12.03.2013 21:53:05 ]<INFO>: left:1
[ Towered 12.03.2013 21:53:05 ]<INFO>: right:2
[ Towered 12.03.2013 21:53:05 ]<INFO>: jump:3
[ Towered 12.03.2013 21:53:09 ]<INFO>: Game launched!
[ Towered 12.03.2013 21:53:10 ]<INFO>: left:3317766
[ Towered 12.03.2013 21:53:10 ]<INFO>: right:108511774
[ Towered 12.03.2013 21:53:10 ]<INFO>: jump:3273773
[ Towered 12.03.2013 21:53:10 ]<ERROR>: BufferedStrategy contents has been lost.
[Ljava.lang.StackTraceElement;@1830a1a8
[ Towered 12.03.2013 21:53:10 ]<INFO>: Game closed!
[ Towered 12.03.2013 21:53:14 ]<INFO>: Game launched!
[ Towered 12.03.2013 21:53:14 ]<INFO>: left:3317766
[ Towered 12.03.2013 21:53:14 ]<INFO>: right:108511774
[ Towered 12.03.2013 21:53:14 ]<INFO>: jump:3273773
[ Towered 12.03.2013 21:54:26 ]<INFO>: Game launched!
[ Towered 12.03.2013 21:54:26 ]<INFO>: left:1
[ Towered 12.03.2013 21:54:26 ]<INFO>: right:2
[ Towered 12.03.2013 21:54:26 ]<INFO>: jump:3
[ Towered 12.03.2013 21:54:26 ]<INFO>: Game closed!
[ Towered 12.03.2013 21:57:48 ]<INFO>: Game launched!
[ Towered 12.03.2013 21:57:48 ]<INFO>: left:1
[ Towered 12.03.2013 21:57:48 ]<INFO>: right:2
[ Towered 12.03.2013 21:57:48 ]<INFO>: jump:3
[ Towered 12.03.2013 21:57:48 ]<INFO>: Game closed!
